<?xml version="1.0" encoding="UTF-8"?>
<!-- Generated by org.testng.reporters.JUnitReportReporter -->
<testsuite hostname="mech.local" failures="0" tests="3" name="testing_dependency_2.Page2" time="56.949" errors="0" timestamp="2020-06-13T22:16:04 IST" skipped="0">
  <testcase classname="testing_dependency_2.Page2" name="fun1" time="20.332"/>
  <testcase classname="testing_dependency_2.Page2" name="fun4" time="18.836"/>
  <testcase classname="testing_dependency_2.Page2" name="fun2" time="17.781"/>
</testsuite> <!-- testing_dependency_2.Page2 -->
