<?xml version="1.0" encoding="UTF-8"?>
<!-- Generated by org.testng.reporters.JUnitReportReporter -->
<testsuite hostname="mech.local" failures="0" tests="2" name="testing_dependency_2.Page2" time="32.294" errors="0" timestamp="2020-06-12T20:08:31 IST" skipped="0">
  <testcase classname="testing_dependency_2.Page2" name="fun1" time="19.909"/>
  <testcase classname="testing_dependency_2.Page2" name="fun2" time="12.385"/>
</testsuite> <!-- testing_dependency_2.Page2 -->
