<?xml version="1.0" encoding="UTF-8"?>
<!-- Generated by org.testng.reporters.JUnitReportReporter -->
<testsuite hostname="mech.local" failures="0" tests="3" name="testing_dependency_2.Page2" time="35.569" errors="0" timestamp="2020-06-13T22:24:36 IST" skipped="0">
  <testcase classname="testing_dependency_2.Page2" name="fun2" time="10.049"/>
  <testcase classname="testing_dependency_2.Page2" name="fun3" time="13.906"/>
  <testcase classname="testing_dependency_2.Page2" name="fun1" time="11.614"/>
</testsuite> <!-- testing_dependency_2.Page2 -->
