<?xml version="1.0" encoding="UTF-8"?>
<!-- Generated by org.testng.reporters.JUnitReportReporter -->
<testsuite hostname="mech.local" failures="0" tests="1" name="textng.Testng_annotation" time="0.006" errors="0" timestamp="2020-06-21T22:57:54 IST" skipped="0">
  <testcase classname="textng.Testng_annotation" name="fun1" time="0.006"/>
</testsuite> <!-- textng.Testng_annotation -->
